<?xml version="1.0" encoding="UTF-8"?>
<testsuite name="org.hjeom.book.web.dto.HelloResponseDtoTest" tests="1" skipped="0" failures="0" errors="0" timestamp="2022-07-09T09:57:46" hostname="DESKTOP-FTJ17JF" time="0.087">
  <properties/>
  <testcase name="롬복_기능_테스트" classname="org.hjeom.book.web.dto.HelloResponseDtoTest" time="0.087"/>
  <system-out><![CDATA[]]></system-out>
  <system-err><![CDATA[]]></system-err>
</testsuite>
